# JRE version: OpenJDK Runtime Environment Temurin-17.0.6+10 (17.0.6+10) (build 17.0.6+10)
# Java VM: OpenJDK 64-Bit Server VM Temurin-17.0.6+10 (17.0.6+10, mixed mode, tiered, compressed oops, compressed class ptrs, parallel gc, windows-amd64)
GC Precious Log:
 CPUs: 8 total, 8 available
 Memory: 20322M
 Large Page Support: Disabled
 NUMA Support: Disabled
 Compressed Oops: Enabled (32-bit)
 Alignments: Space 512K, Generation 512K, Heap 2M
 Heap Min Capacity: 100M
 Heap Initial Capacity: 100M
 Heap Max Capacity: 1G
 Pre-touch: Disabled
 Parallel Workers: 8
Heap:
 PSYoungGen      total 15360K, used 4593K [0x00000000eab00000, 0x00000000ebc80000, 0x0000000100000000)
  eden space 13312K, 19% used [0x00000000eab00000,0x00000000ead7c538,0x00000000eb800000)
  from space 2048K, 100% used [0x00000000eb880000,0x00000000eba80000,0x00000000eba80000)
  to   space 2048K, 0% used [0x00000000eba80000,0x00000000eba80000,0x00000000ebc80000)
 ParOldGen       total 296960K, used 294922K [0x00000000c0000000, 0x00000000d2200000, 0x00000000eab00000)
  object space 296960K, 99% used [0x00000000c0000000,0x00000000d20028c8,0x00000000d2200000)
 Metaspace       used 78920K, committed 80384K, reserved 1122304K
  class space    used 8106K, committed 8768K, reserved 1048576K
GC Heap History (20 events):
Event: 245.945 GC heap before
{Heap before GC invocations=901 (full 20):
 PSYoungGen      total 13824K, used 13711K [0x00000000eab00000, 0x00000000eba00000, 0x0000000100000000)
  eden space 13312K, 100% used [0x00000000eab00000,0x00000000eb800000,0x00000000eb800000)
  from space 512K, 78% used [0x00000000eb800000,0x00000000eb863de8,0x00000000eb880000)
  to   space 1024K, 0% used [0x00000000eb900000,0x00000000eb900000,0x00000000eba00000)
 ParOldGen       total 296960K, used 284836K [0x00000000c0000000, 0x00000000d2200000, 0x00000000eab00000)
  object space 296960K, 95% used [0x00000000c0000000,0x00000000d16291d8,0x00000000d2200000)
 Metaspace       used 78914K, committed 80384K, reserved 1122304K
  class space    used 8106K, committed 8768K, reserved 1048576K
}
Event: 245.947 GC heap after
{Heap after GC invocations=901 (full 20):
 PSYoungGen      total 13824K, used 384K [0x00000000eab00000, 0x00000000eb980000, 0x0000000100000000)
  eden space 13312K, 0% used [0x00000000eab00000,0x00000000eab00000,0x00000000eb800000)
  from space 512K, 75% used [0x00000000eb900000,0x00000000eb960000,0x00000000eb980000)
  to   space 512K, 0% used [0x00000000eb800000,0x00000000eb800000,0x00000000eb880000)
 ParOldGen       total 296960K, used 284836K [0x00000000c0000000, 0x00000000d2200000, 0x00000000eab00000)
  object space 296960K, 95% used [0x00000000c0000000,0x00000000d16291d8,0x00000000d2200000)
 Metaspace       used 78914K, committed 80384K, reserved 1122304K
  class space    used 8106K, committed 8768K, reserved 1048576K
}
Event: 246.097 GC heap before
{Heap before GC invocations=902 (full 20):
 PSYoungGen      total 13824K, used 13696K [0x00000000eab00000, 0x00000000eb980000, 0x0000000100000000)
  eden space 13312K, 100% used [0x00000000eab00000,0x00000000eb800000,0x00000000eb800000)
  from space 512K, 75% used [0x00000000eb900000,0x00000000eb960000,0x00000000eb980000)
  to   space 512K, 0% used [0x00000000eb800000,0x00000000eb800000,0x00000000eb880000)
 ParOldGen       total 296960K, used 284836K [0x00000000c0000000, 0x00000000d2200000, 0x00000000eab00000)
  object space 296960K, 95% used [0x00000000c0000000,0x00000000d16291d8,0x00000000d2200000)
 Metaspace       used 78914K, committed 80384K, reserved 1122304K
  class space    used 8106K, committed 8768K, reserved 1048576K
}
Event: 246.100 GC heap after
{Heap after GC invocations=902 (full 20):
 PSYoungGen      total 13824K, used 502K [0x00000000eab00000, 0x00000000eb980000, 0x0000000100000000)
  eden space 13312K, 0% used [0x00000000eab00000,0x00000000eab00000,0x00000000eb800000)
  from space 512K, 98% used [0x00000000eb800000,0x00000000eb87da20,0x00000000eb880000)
  to   space 512K, 0% used [0x00000000eb900000,0x00000000eb900000,0x00000000eb980000)
 ParOldGen       total 296960K, used 286060K [0x00000000c0000000, 0x00000000d2200000, 0x00000000eab00000)
  object space 296960K, 96% used [0x00000000c0000000,0x00000000d175b1d8,0x00000000d2200000)
 Metaspace       used 78914K, committed 80384K, reserved 1122304K
  class space    used 8106K, committed 8768K, reserved 1048576K
}
Event: 246.273 GC heap before
{Heap before GC invocations=903 (full 20):
 PSYoungGen      total 13824K, used 13814K [0x00000000eab00000, 0x00000000eb980000, 0x0000000100000000)
  eden space 13312K, 100% used [0x00000000eab00000,0x00000000eb800000,0x00000000eb800000)
  from space 512K, 98% used [0x00000000eb800000,0x00000000eb87da20,0x00000000eb880000)
  to   space 512K, 0% used [0x00000000eb900000,0x00000000eb900000,0x00000000eb980000)
 ParOldGen       total 296960K, used 286060K [0x00000000c0000000, 0x00000000d2200000, 0x00000000eab00000)
  object space 296960K, 96% used [0x00000000c0000000,0x00000000d175b1d8,0x00000000d2200000)
 Metaspace       used 78916K, committed 80384K, reserved 1122304K
  class space    used 8106K, committed 8768K, reserved 1048576K
}
Event: 246.277 GC heap after
{Heap after GC invocations=903 (full 20):
 PSYoungGen      total 13824K, used 507K [0x00000000eab00000, 0x00000000eb980000, 0x0000000100000000)
  eden space 13312K, 0% used [0x00000000eab00000,0x00000000eab00000,0x00000000eb800000)
  from space 512K, 99% used [0x00000000eb900000,0x00000000eb97ef70,0x00000000eb980000)
  to   space 512K, 0% used [0x00000000eb800000,0x00000000eb800000,0x00000000eb880000)
 ParOldGen       total 296960K, used 286412K [0x00000000c0000000, 0x00000000d2200000, 0x00000000eab00000)
  object space 296960K, 96% used [0x00000000c0000000,0x00000000d17b31d8,0x00000000d2200000)
 Metaspace       used 78916K, committed 80384K, reserved 1122304K
  class space    used 8106K, committed 8768K, reserved 1048576K
}
Event: 246.412 GC heap before
{Heap before GC invocations=904 (full 20):
 PSYoungGen      total 13824K, used 13819K [0x00000000eab00000, 0x00000000eb980000, 0x0000000100000000)
  eden space 13312K, 100% used [0x00000000eab00000,0x00000000eb800000,0x00000000eb800000)
  from space 512K, 99% used [0x00000000eb900000,0x00000000eb97ef70,0x00000000eb980000)
  to   space 512K, 0% used [0x00000000eb800000,0x00000000eb800000,0x00000000eb880000)
 ParOldGen       total 296960K, used 286412K [0x00000000c0000000, 0x00000000d2200000, 0x00000000eab00000)
  object space 296960K, 96% used [0x00000000c0000000,0x00000000d17b31d8,0x00000000d2200000)
 Metaspace       used 78916K, committed 80384K, reserved 1122304K
  class space    used 8106K, committed 8768K, reserved 1048576K
}
Event: 246.414 GC heap after
{Heap after GC invocations=904 (full 20):
 PSYoungGen      total 13824K, used 497K [0x00000000eab00000, 0x00000000eb980000, 0x0000000100000000)
  eden space 13312K, 0% used [0x00000000eab00000,0x00000000eab00000,0x00000000eb800000)
  from space 512K, 97% used [0x00000000eb800000,0x00000000eb87c678,0x00000000eb880000)
  to   space 512K, 0% used [0x00000000eb900000,0x00000000eb900000,0x00000000eb980000)
 ParOldGen       total 296960K, used 287260K [0x00000000c0000000, 0x00000000d2200000, 0x00000000eab00000)
  object space 296960K, 96% used [0x00000000c0000000,0x00000000d18871d8,0x00000000d2200000)
 Metaspace       used 78916K, committed 80384K, reserved 1122304K
  class space    used 8106K, committed 8768K, reserved 1048576K
}
Event: 246.518 GC heap before
{Heap before GC invocations=905 (full 20):
 PSYoungGen      total 13824K, used 13809K [0x00000000eab00000, 0x00000000eb980000, 0x0000000100000000)
  eden space 13312K, 100% used [0x00000000eab00000,0x00000000eb800000,0x00000000eb800000)
  from space 512K, 97% used [0x00000000eb800000,0x00000000eb87c678,0x00000000eb880000)
  to   space 512K, 0% used [0x00000000eb900000,0x00000000eb900000,0x00000000eb980000)
 ParOldGen       total 296960K, used 287260K [0x00000000c0000000, 0x00000000d2200000, 0x00000000eab00000)
  object space 296960K, 96% used [0x00000000c0000000,0x00000000d18871d8,0x00000000d2200000)
 Metaspace       used 78916K, committed 80384K, reserved 1122304K
  class space    used 8106K, committed 8768K, reserved 1048576K
}
Event: 246.521 GC heap after
{Heap after GC invocations=905 (full 20):
 PSYoungGen      total 13824K, used 492K [0x00000000eab00000, 0x00000000eb980000, 0x0000000100000000)
  eden space 13312K, 0% used [0x00000000eab00000,0x00000000eab00000,0x00000000eb800000)
  from space 512K, 96% used [0x00000000eb900000,0x00000000eb97b008,0x00000000eb980000)
  to   space 512K, 0% used [0x00000000eb800000,0x00000000eb800000,0x00000000eb880000)
 ParOldGen       total 296960K, used 288962K [0x00000000c0000000, 0x00000000d2200000, 0x00000000eab00000)
  object space 296960K, 97% used [0x00000000c0000000,0x00000000d1a30ae8,0x00000000d2200000)
 Metaspace       used 78916K, committed 80384K, reserved 1122304K
  class space    used 8106K, committed 8768K, reserved 1048576K
}
Event: 246.635 GC heap before
{Heap before GC invocations=906 (full 20):
 PSYoungGen      total 13824K, used 13804K [0x00000000eab00000, 0x00000000eb980000, 0x0000000100000000)
  eden space 13312K, 100% used [0x00000000eab00000,0x00000000eb800000,0x00000000eb800000)
  from space 512K, 96% used [0x00000000eb900000,0x00000000eb97b008,0x00000000eb980000)
  to   space 512K, 0% used [0x00000000eb800000,0x00000000eb800000,0x00000000eb880000)
 ParOldGen       total 296960K, used 288962K [0x00000000c0000000, 0x00000000d2200000, 0x00000000eab00000)
  object space 296960K, 97% used [0x00000000c0000000,0x00000000d1a30ae8,0x00000000d2200000)
 Metaspace       used 78916K, committed 80384K, reserved 1122304K
  class space    used 8106K, committed 8768K, reserved 1048576K
}
Event: 246.638 GC heap after
{Heap after GC invocations=906 (full 20):
 PSYoungGen      total 13824K, used 498K [0x00000000eab00000, 0x00000000eb980000, 0x0000000100000000)
  eden space 13312K, 0% used [0x00000000eab00000,0x00000000eab00000,0x00000000eb800000)
  from space 512K, 97% used [0x00000000eb800000,0x00000000eb87c980,0x00000000eb880000)
  to   space 512K, 0% used [0x00000000eb900000,0x00000000eb900000,0x00000000eb980000)
 ParOldGen       total 296960K, used 290808K [0x00000000c0000000, 0x00000000d2200000, 0x00000000eab00000)
  object space 296960K, 97% used [0x00000000c0000000,0x00000000d1bfe170,0x00000000d2200000)
 Metaspace       used 78916K, committed 80384K, reserved 1122304K
  class space    used 8106K, committed 8768K, reserved 1048576K
}
Event: 246.901 GC heap before
{Heap before GC invocations=907 (full 20):
 PSYoungGen      total 13824K, used 13810K [0x00000000eab00000, 0x00000000eb980000, 0x0000000100000000)
  eden space 13312K, 100% used [0x00000000eab00000,0x00000000eb800000,0x00000000eb800000)
  from space 512K, 97% used [0x00000000eb800000,0x00000000eb87c980,0x00000000eb880000)
  to   space 512K, 0% used [0x00000000eb900000,0x00000000eb900000,0x00000000eb980000)
 ParOldGen       total 296960K, used 290808K [0x00000000c0000000, 0x00000000d2200000, 0x00000000eab00000)
  object space 296960K, 97% used [0x00000000c0000000,0x00000000d1bfe170,0x00000000d2200000)
 Metaspace       used 78920K, committed 80384K, reserved 1122304K
  class space    used 8106K, committed 8768K, reserved 1048576K
}
Event: 246.903 GC heap after
{Heap after GC invocations=907 (full 20):
 PSYoungGen      total 13824K, used 483K [0x00000000eab00000, 0x00000000eb980000, 0x0000000100000000)
  eden space 13312K, 0% used [0x00000000eab00000,0x00000000eab00000,0x00000000eb800000)
  from space 512K, 94% used [0x00000000eb900000,0x00000000eb978c00,0x00000000eb980000)
  to   space 512K, 0% used [0x00000000eb800000,0x00000000eb800000,0x00000000eb880000)
 ParOldGen       total 296960K, used 291734K [0x00000000c0000000, 0x00000000d2200000, 0x00000000eab00000)
  object space 296960K, 98% used [0x00000000c0000000,0x00000000d1ce5928,0x00000000d2200000)
 Metaspace       used 78920K, committed 80384K, reserved 1122304K
  class space    used 8106K, committed 8768K, reserved 1048576K
}
Event: 247.019 GC heap before
{Heap before GC invocations=908 (full 20):
 PSYoungGen      total 13824K, used 13795K [0x00000000eab00000, 0x00000000eb980000, 0x0000000100000000)
  eden space 13312K, 100% used [0x00000000eab00000,0x00000000eb800000,0x00000000eb800000)
  from space 512K, 94% used [0x00000000eb900000,0x00000000eb978c00,0x00000000eb980000)
  to   space 512K, 0% used [0x00000000eb800000,0x00000000eb800000,0x00000000eb880000)
 ParOldGen       total 296960K, used 291734K [0x00000000c0000000, 0x00000000d2200000, 0x00000000eab00000)
  object space 296960K, 98% used [0x00000000c0000000,0x00000000d1ce5928,0x00000000d2200000)
 Metaspace       used 78920K, committed 80384K, reserved 1122304K
  class space    used 8106K, committed 8768K, reserved 1048576K
}
Event: 247.023 GC heap after
{Heap after GC invocations=908 (full 20):
 PSYoungGen      total 13824K, used 512K [0x00000000eab00000, 0x00000000ebd00000, 0x0000000100000000)
  eden space 13312K, 0% used [0x00000000eab00000,0x00000000eab00000,0x00000000eb800000)
  from space 512K, 100% used [0x00000000eb800000,0x00000000eb880000,0x00000000eb880000)
  to   space 2560K, 0% used [0x00000000eba80000,0x00000000eba80000,0x00000000ebd00000)
 ParOldGen       total 296960K, used 293294K [0x00000000c0000000, 0x00000000d2200000, 0x00000000eab00000)
  object space 296960K, 98% used [0x00000000c0000000,0x00000000d1e6b8c0,0x00000000d2200000)
 Metaspace       used 78920K, committed 80384K, reserved 1122304K
  class space    used 8106K, committed 8768K, reserved 1048576K
}
Event: 247.168 GC heap before
{Heap before GC invocations=909 (full 20):
 PSYoungGen      total 13824K, used 13824K [0x00000000eab00000, 0x00000000ebd00000, 0x0000000100000000)
  eden space 13312K, 100% used [0x00000000eab00000,0x00000000eb800000,0x00000000eb800000)
  from space 512K, 100% used [0x00000000eb800000,0x00000000eb880000,0x00000000eb880000)
  to   space 2560K, 0% used [0x00000000eba80000,0x00000000eba80000,0x00000000ebd00000)
 ParOldGen       total 296960K, used 293294K [0x00000000c0000000, 0x00000000d2200000, 0x00000000eab00000)
  object space 296960K, 98% used [0x00000000c0000000,0x00000000d1e6b8c0,0x00000000d2200000)
 Metaspace       used 78920K, committed 80384K, reserved 1122304K
  class space    used 8106K, committed 8768K, reserved 1048576K
}
Event: 247.172 GC heap after
{Heap after GC invocations=909 (full 20):
 PSYoungGen      total 15360K, used 1612K [0x00000000eab00000, 0x00000000ebc80000, 0x0000000100000000)
  eden space 13312K, 0% used [0x00000000eab00000,0x00000000eab00000,0x00000000eb800000)
  from space 2048K, 78% used [0x00000000eba80000,0x00000000ebc13008,0x00000000ebc80000)
  to   space 2048K, 0% used [0x00000000eb880000,0x00000000eb880000,0x00000000eba80000)
 ParOldGen       total 296960K, used 293790K [0x00000000c0000000, 0x00000000d2200000, 0x00000000eab00000)
  object space 296960K, 98% used [0x00000000c0000000,0x00000000d1ee78c0,0x00000000d2200000)
 Metaspace       used 78920K, committed 80384K, reserved 1122304K
  class space    used 8106K, committed 8768K, reserved 1048576K
}
Event: 247.276 GC heap before
{Heap before GC invocations=910 (full 20):
 PSYoungGen      total 15360K, used 14924K [0x00000000eab00000, 0x00000000ebc80000, 0x0000000100000000)
  eden space 13312K, 100% used [0x00000000eab00000,0x00000000eb800000,0x00000000eb800000)
  from space 2048K, 78% used [0x00000000eba80000,0x00000000ebc13008,0x00000000ebc80000)
  to   space 2048K, 0% used [0x00000000eb880000,0x00000000eb880000,0x00000000eba80000)
 ParOldGen       total 296960K, used 293790K [0x00000000c0000000, 0x00000000d2200000, 0x00000000eab00000)
  object space 296960K, 98% used [0x00000000c0000000,0x00000000d1ee78c0,0x00000000d2200000)
 Metaspace       used 78920K, committed 80384K, reserved 1122304K
  class space    used 8106K, committed 8768K, reserved 1048576K
}
Event: 247.280 GC heap after
{Heap after GC invocations=910 (full 20):
 PSYoungGen      total 15360K, used 2048K [0x00000000eab00000, 0x00000000ebc80000, 0x0000000100000000)
  eden space 13312K, 0% used [0x00000000eab00000,0x00000000eab00000,0x00000000eb800000)
  from space 2048K, 100% used [0x00000000eb880000,0x00000000eba80000,0x00000000eba80000)
  to   space 2048K, 0% used [0x00000000eba80000,0x00000000eba80000,0x00000000ebc80000)
 ParOldGen       total 296960K, used 294922K [0x00000000c0000000, 0x00000000d2200000, 0x00000000eab00000)
  object space 296960K, 99% used [0x00000000c0000000,0x00000000d20028c8,0x00000000d2200000)
 Metaspace       used 78920K, committed 80384K, reserved 1122304K
  class space    used 8106K, committed 8768K, reserved 1048576K
}

